mode: set
Users/nafisalam/go/projects/assignment-sojern/util/utils.go:14.34,16.16 2 0
Users/nafisalam/go/projects/assignment-sojern/util/utils.go:19.2,20.13 2 0
Users/nafisalam/go/projects/assignment-sojern/util/utils.go:16.16,18.3 1 0
Users/nafisalam/go/projects/assignment-sojern/util/utils.go:24.31,26.16 2 0
Users/nafisalam/go/projects/assignment-sojern/util/utils.go:30.2,30.13 1 0
Users/nafisalam/go/projects/assignment-sojern/util/utils.go:26.16,29.3 2 0
Users/nafisalam/go/projects/assignment-sojern/util/utils.go:34.41,36.16 2 0
Users/nafisalam/go/projects/assignment-sojern/util/utils.go:40.2,40.15 1 0
Users/nafisalam/go/projects/assignment-sojern/util/utils.go:36.16,39.3 2 0
Users/nafisalam/go/projects/assignment-sojern/util/utils.go:44.52,48.16 3 0
Users/nafisalam/go/projects/assignment-sojern/util/utils.go:51.2,53.12 3 0
Users/nafisalam/go/projects/assignment-sojern/util/utils.go:48.16,50.3 1 0
Users/nafisalam/go/projects/assignment-sojern/util/utils.go:57.34,61.16 3 0
Users/nafisalam/go/projects/assignment-sojern/util/utils.go:64.2,65.12 2 0
Users/nafisalam/go/projects/assignment-sojern/util/utils.go:61.16,63.3 1 0
Users/nafisalam/go/projects/assignment-sojern/util/utils.go:69.42,70.37 1 0
Users/nafisalam/go/projects/assignment-sojern/util/utils.go:73.2,73.62 1 0
Users/nafisalam/go/projects/assignment-sojern/util/utils.go:70.37,72.3 1 0
Users/nafisalam/go/projects/assignment-sojern/util/version.go:14.53,18.16 2 1
Users/nafisalam/go/projects/assignment-sojern/util/version.go:21.2,22.16 2 1
Users/nafisalam/go/projects/assignment-sojern/util/version.go:26.2,26.21 1 1
Users/nafisalam/go/projects/assignment-sojern/util/version.go:31.2,31.10 1 1
Users/nafisalam/go/projects/assignment-sojern/util/version.go:18.16,20.3 1 0
Users/nafisalam/go/projects/assignment-sojern/util/version.go:22.16,24.3 1 0
Users/nafisalam/go/projects/assignment-sojern/util/version.go:26.21,28.3 1 1
Users/nafisalam/go/projects/assignment-sojern/util/version.go:28.8,28.28 1 1
Users/nafisalam/go/projects/assignment-sojern/util/version.go:28.28,30.3 1 1
